<?xml version="1.0" encoding="utf-8" standalone="no"?>
<test-run id="2" testcasecount="5" result="Failed" total="5" passed="4" failed="1" inconclusive="0" skipped="0" asserts="6" engine-version="3.8.0.0" clr-version="4.0.30319.42000" start-time="2018-08-04 17:13:26Z" end-time="2018-08-04 17:13:27Z" duration="1.763769">
  <command-line><![CDATA["C:\Users\Freddy\.nuget\packages\nunit.consolerunner\3.8.0\tools\nunit3-console.exe" Bob.Generics.BoundingBox.Test\Bob.Generics.BoundingBox.Test.csproj]]></command-line>
  <test-suite type="Assembly" id="1-1006" name="Bob.Generics.BoundingBox.Test.dll" fullname="C:\Users\Freddy\source\repos\Bob.Generics.Structures\Bob.Generics.BoundingBox.Test\bin\Debug\net45\Bob.Generics.BoundingBox.Test.dll" runstate="Runnable" testcasecount="5" result="Failed" site="Child" start-time="2018-08-04 17:13:27Z" end-time="2018-08-04 17:13:27Z" duration="0.657409" total="5" passed="4" failed="1" warnings="0" inconclusive="0" skipped="0" asserts="6">
    <environment framework-version="3.10.1.0" clr-version="4.0.30319.42000" os-version="Microsoft Windows NT 10.0.17134.0" platform="Win32NT" cwd="C:\Users\Freddy\source\repos\Bob.Generics.Structures" machine-name="LAPTOP-A8PA2AO7" user="Freddy" user-domain="LAPTOP-A8PA2AO7" culture="en-US" uiculture="zh-CN" os-architecture="x64" />
    <settings>
      <setting name="BasePath" value="C:\Users\Freddy\source\repos\Bob.Generics.Structures\Bob.Generics.BoundingBox.Test\bin\Debug\net45" />
      <setting name="DisposeRunners" value="True" />
      <setting name="WorkDirectory" value="C:\Users\Freddy\source\repos\Bob.Generics.Structures" />
      <setting name="ImageRuntimeVersion" value="4.0.30319" />
      <setting name="ImageTargetFrameworkName" value=".NETFramework,Version=v4.5" />
      <setting name="ImageRequiresX86" value="False" />
      <setting name="ImageRequiresDefaultAppDomainAssemblyResolver" value="False" />
      <setting name="NumberOfTestWorkers" value="8" />
    </settings>
    <properties>
      <property name="_PID" value="12760" />
      <property name="_APPDOMAIN" value="domain-a5f9f737-Bob.Generics.BoundingBox.Test.csproj" />
    </properties>
    <failure>
      <message><![CDATA[One or more child tests had errors]]></message>
    </failure>
    <test-suite type="TestSuite" id="1-1007" name="Bob" fullname="Bob" runstate="Runnable" testcasecount="5" result="Failed" site="Child" start-time="2018-08-04 17:13:27Z" end-time="2018-08-04 17:13:27Z" duration="0.636562" total="5" passed="4" failed="1" warnings="0" inconclusive="0" skipped="0" asserts="6">
      <failure>
        <message><![CDATA[One or more child tests had errors]]></message>
      </failure>
      <test-suite type="TestSuite" id="1-1008" name="Generic" fullname="Bob.Generic" runstate="Runnable" testcasecount="5" result="Failed" site="Child" start-time="2018-08-04 17:13:27Z" end-time="2018-08-04 17:13:27Z" duration="0.636039" total="5" passed="4" failed="1" warnings="0" inconclusive="0" skipped="0" asserts="6">
        <failure>
          <message><![CDATA[One or more child tests had errors]]></message>
        </failure>
        <test-suite type="TestSuite" id="1-1009" name="BoundingBox" fullname="Bob.Generic.BoundingBox" runstate="Runnable" testcasecount="5" result="Failed" site="Child" start-time="2018-08-04 17:13:27Z" end-time="2018-08-04 17:13:27Z" duration="0.636030" total="5" passed="4" failed="1" warnings="0" inconclusive="0" skipped="0" asserts="6">
          <failure>
            <message><![CDATA[One or more child tests had errors]]></message>
          </failure>
          <test-suite type="TestSuite" id="1-1010" name="Test" fullname="Bob.Generic.BoundingBox.Test" runstate="Runnable" testcasecount="5" result="Failed" site="Child" start-time="2018-08-04 17:13:27Z" end-time="2018-08-04 17:13:27Z" duration="0.636023" total="5" passed="4" failed="1" warnings="0" inconclusive="0" skipped="0" asserts="6">
            <failure>
              <message><![CDATA[One or more child tests had errors]]></message>
            </failure>
            <test-suite type="TestSuite" id="1-1011" name="Source" fullname="Bob.Generic.BoundingBox.Test.Source" runstate="Runnable" testcasecount="5" result="Failed" site="Child" start-time="2018-08-04 17:13:27Z" end-time="2018-08-04 17:13:27Z" duration="0.636003" total="5" passed="4" failed="1" warnings="0" inconclusive="0" skipped="0" asserts="6">
              <failure>
                <message><![CDATA[One or more child tests had errors]]></message>
              </failure>
              <test-suite type="TestFixture" id="1-1000" name="BoundingBoxFeatures" fullname="Bob.Generic.BoundingBox.Test.Source.BoundingBoxFeatures" classname="Bob.Generic.BoundingBox.Test.Source.BoundingBoxFeatures" runstate="Runnable" testcasecount="5" result="Failed" site="Child" start-time="2018-08-04 17:13:27Z" end-time="2018-08-04 17:13:27Z" duration="0.631652" total="5" passed="4" failed="1" warnings="0" inconclusive="0" skipped="0" asserts="6">
                <failure>
                  <message><![CDATA[One or more child tests had errors]]></message>
                </failure>
                <test-case id="1-1004" name="ShouldGet0Diff" fullname="Bob.Generic.BoundingBox.Test.Source.BoundingBoxFeatures.ShouldGet0Diff" methodname="ShouldGet0Diff" classname="Bob.Generic.BoundingBox.Test.Source.BoundingBoxFeatures" runstate="Runnable" seed="565398798" result="Passed" start-time="2018-08-04 17:13:27Z" end-time="2018-08-04 17:13:27Z" duration="0.500210" asserts="1" />
                <test-case id="1-1005" name="ShouldGet3Diff" fullname="Bob.Generic.BoundingBox.Test.Source.BoundingBoxFeatures.ShouldGet3Diff" methodname="ShouldGet3Diff" classname="Bob.Generic.BoundingBox.Test.Source.BoundingBoxFeatures" runstate="Runnable" seed="298589507" result="Passed" start-time="2018-08-04 17:13:27Z" end-time="2018-08-04 17:13:27Z" duration="0.000249" asserts="1" />
                <test-case id="1-1002" name="ShouldGet4x3Bb" fullname="Bob.Generic.BoundingBox.Test.Source.BoundingBoxFeatures.ShouldGet4x3Bb" methodname="ShouldGet4x3Bb" classname="Bob.Generic.BoundingBox.Test.Source.BoundingBoxFeatures" runstate="Runnable" seed="2097473133" result="Passed" start-time="2018-08-04 17:13:27Z" end-time="2018-08-04 17:13:27Z" duration="0.000338" asserts="2" />
                <test-case id="1-1003" name="ShouldGet4x4Bb" fullname="Bob.Generic.BoundingBox.Test.Source.BoundingBoxFeatures.ShouldGet4x4Bb" methodname="ShouldGet4x4Bb" classname="Bob.Generic.BoundingBox.Test.Source.BoundingBoxFeatures" runstate="Runnable" seed="1285660271" result="Passed" start-time="2018-08-04 17:13:27Z" end-time="2018-08-04 17:13:27Z" duration="0.000317" asserts="2" />
                <test-case id="1-1001" name="ShouldGet9Area" fullname="Bob.Generic.BoundingBox.Test.Source.BoundingBoxFeatures.ShouldGet9Area" methodname="ShouldGet9Area" classname="Bob.Generic.BoundingBox.Test.Source.BoundingBoxFeatures" runstate="Runnable" seed="349812085" result="Failed" label="Error" start-time="2018-08-04 17:13:27Z" end-time="2018-08-04 17:13:27Z" duration="0.113836" asserts="0">
                  <failure>
                    <message><![CDATA[System.InvalidOperationException : Assert.Equals should not be used for Assertions, use Assert.AreEqual(...) instead.]]></message>
                    <stack-trace><![CDATA[   在 NUnit.Framework.Assert.Equals(Object a, Object b)
   在 Bob.Generic.BoundingBox.Test.Source.BoundingBoxFeatures.ShouldGet9Area()]]></stack-trace>
                  </failure>
                </test-case>
              </test-suite>
            </test-suite>
          </test-suite>
        </test-suite>
      </test-suite>
    </test-suite>
  </test-suite>
</test-run>